[debug] [2024-10-27T11:26:33.186Z] ----------------------------------------------------------------------
[debug] [2024-10-27T11:26:33.192Z] Command:       C:\Program Files\nodejs\node.exe C:\Users\DELL\AppData\Roaming\npm\node_modules\firebase-tools\lib\bin\firebase.js deploy
[debug] [2024-10-27T11:26:33.193Z] CLI Version:   13.20.1
[debug] [2024-10-27T11:26:33.193Z] Platform:      win32
[debug] [2024-10-27T11:26:33.193Z] Node Version:  v22.5.1
[debug] [2024-10-27T11:26:33.193Z] Time:          Sun Oct 27 2024 12:26:33 GMT+0100 (West Africa Standard Time)
[debug] [2024-10-27T11:26:33.194Z] ----------------------------------------------------------------------
[debug] 
[debug] [2024-10-27T11:26:33.261Z] >>> [apiv2][query] GET https://firebase-public.firebaseio.com/cli.json [none]
[debug] [2024-10-27T11:26:33.750Z] > command requires scopes: ["email","openid","https://www.googleapis.com/auth/cloudplatformprojects.readonly","https://www.googleapis.com/auth/firebase","https://www.googleapis.com/auth/cloud-platform"]
[debug] [2024-10-27T11:26:33.752Z] > authorizing via signed-in user (oputalawrence@gmail.com)
[debug] [2024-10-27T11:26:33.752Z] [iam] checking project naija-blogue for permissions ["firebase.projects.get","firebasehosting.sites.update"]
[debug] [2024-10-27T11:26:33.758Z] Checked if tokens are valid: false, expires at: 1728021647793
[debug] [2024-10-27T11:26:33.759Z] Checked if tokens are valid: false, expires at: 1728021647793
[debug] [2024-10-27T11:26:33.760Z] > refreshing access token with scopes: []
[debug] [2024-10-27T11:26:33.766Z] >>> [apiv2][query] POST https://www.googleapis.com/oauth2/v3/token [none]
[debug] [2024-10-27T11:26:33.767Z] >>> [apiv2][body] POST https://www.googleapis.com/oauth2/v3/token [omitted]
[debug] [2024-10-27T11:26:43.966Z] *** [apiv2] error from fetch(https://www.googleapis.com/oauth2/v3/token, {"headers":{},"method":"POST","body":{"_overheadLength":545,"_valueLength":212,"_valuesToMeasure":[],"writable":false,"readable":true,"dataSize":0,"maxDataSize":2097152,"pauseStreams":true,"_released":true,"_streams":[],"_currentStream":null,"_insideLoop":false,"_pendingNext":false,"_boundary":"--------------------------032976832511773052523373","_events":{},"_eventsCount":1}}): FetchError: request to https://www.googleapis.com/oauth2/v3/token failed, reason: Client network socket disconnected before secure TLS connection was established
[debug] [2024-10-27T11:26:43.967Z] [iam] error while checking permissions, command may fail: FirebaseError: Authentication Error: Your credentials are no longer valid. Please run firebase login --reauth

For CI servers and headless environments, generate a new token with firebase login:ci
[debug] [2024-10-27T11:26:43.969Z] Checked if tokens are valid: false, expires at: 1728021647793
[debug] [2024-10-27T11:26:43.969Z] Checked if tokens are valid: false, expires at: 1728021647793
[debug] [2024-10-27T11:26:43.969Z] > refreshing access token with scopes: []
[debug] [2024-10-27T11:26:43.971Z] >>> [apiv2][query] POST https://www.googleapis.com/oauth2/v3/token [none]
[debug] [2024-10-27T11:26:43.971Z] >>> [apiv2][body] POST https://www.googleapis.com/oauth2/v3/token [omitted]
[debug] [2024-10-27T11:26:54.166Z] *** [apiv2] error from fetch(https://www.googleapis.com/oauth2/v3/token, {"headers":{},"method":"POST","body":{"_overheadLength":545,"_valueLength":212,"_valuesToMeasure":[],"writable":false,"readable":true,"dataSize":0,"maxDataSize":2097152,"pauseStreams":true,"_released":true,"_streams":[],"_currentStream":null,"_insideLoop":false,"_pendingNext":false,"_boundary":"--------------------------651628629116515826596511","_events":{},"_eventsCount":1}}): FetchError: request to https://www.googleapis.com/oauth2/v3/token failed, reason: Client network socket disconnected before secure TLS connection was established
[debug] [2024-10-27T11:26:54.166Z] Authentication Error: Your credentials are no longer valid. Please run firebase login --reauth

For CI servers and headless environments, generate a new token with firebase login:ci
[debug] [2024-10-27T11:26:55.501Z] *** [apiv2] error from fetch(https://firebase-public.firebaseio.com/cli.json, {"headers":{},"method":"GET"}): FetchError: request to https://firebase-public.firebaseio.com/cli.json failed, reason: read ECONNRESET
[warn] !  Unable to fetch the CLI MOTD and remote config. This is not a fatal error, but may indicate an issue with your network connection. 
[debug] [2024-10-27T11:26:55.503Z] Failed to fetch MOTD FirebaseError: Failed to make request to https://firebase-public.firebaseio.com/cli.json
[debug] [2024-10-27T11:26:59.211Z] Error: Timed out.
    at Timeout._onTimeout (C:\Users\DELL\AppData\Roaming\npm\node_modules\firebase-tools\lib\utils.js:268:49)
    at listOnTimeout (node:internal/timers:581:17)
    at process.processTimers (node:internal/timers:519:7)
[error] 
[error] Error: An unexpected error has occurred.
[debug] [2024-10-27T11:33:01.531Z] ----------------------------------------------------------------------
[debug] [2024-10-27T11:33:01.540Z] Command:       C:\Program Files\nodejs\node.exe C:\Users\DELL\AppData\Roaming\npm\node_modules\firebase-tools\lib\bin\firebase.js deploy
[debug] [2024-10-27T11:33:01.542Z] CLI Version:   13.20.1
[debug] [2024-10-27T11:33:01.542Z] Platform:      win32
[debug] [2024-10-27T11:33:01.542Z] Node Version:  v22.5.1
[debug] [2024-10-27T11:33:01.543Z] Time:          Sun Oct 27 2024 12:33:01 GMT+0100 (West Africa Standard Time)
[debug] [2024-10-27T11:33:01.544Z] ----------------------------------------------------------------------
[debug] 
[debug] [2024-10-27T11:33:01.554Z] >>> [apiv2][query] GET https://firebase-public.firebaseio.com/cli.json [none]
[debug] [2024-10-27T11:33:02.205Z] > command requires scopes: ["email","openid","https://www.googleapis.com/auth/cloudplatformprojects.readonly","https://www.googleapis.com/auth/firebase","https://www.googleapis.com/auth/cloud-platform"]
[debug] [2024-10-27T11:33:02.207Z] > authorizing via signed-in user (oputalawrence@gmail.com)
[debug] [2024-10-27T11:33:02.207Z] [iam] checking project naija-blogue for permissions ["firebase.projects.get","firebasehosting.sites.update"]
[debug] [2024-10-27T11:33:02.209Z] Checked if tokens are valid: false, expires at: 1728021647793
[debug] [2024-10-27T11:33:02.210Z] Checked if tokens are valid: false, expires at: 1728021647793
[debug] [2024-10-27T11:33:02.210Z] > refreshing access token with scopes: []
[debug] [2024-10-27T11:33:02.243Z] >>> [apiv2][query] POST https://www.googleapis.com/oauth2/v3/token [none]
[debug] [2024-10-27T11:33:02.244Z] >>> [apiv2][body] POST https://www.googleapis.com/oauth2/v3/token [omitted]
[debug] [2024-10-27T11:33:13.763Z] *** [apiv2] error from fetch(https://firebase-public.firebaseio.com/cli.json, {"headers":{},"method":"GET"}): FetchError: request to https://firebase-public.firebaseio.com/cli.json failed, reason: getaddrinfo ENOTFOUND firebase-public.firebaseio.com
[warn] !  Unable to fetch the CLI MOTD and remote config. This is not a fatal error, but may indicate an issue with your network connection. 
[debug] [2024-10-27T11:33:13.766Z] Failed to fetch MOTD FirebaseError: Failed to make request to https://firebase-public.firebaseio.com/cli.json
[debug] [2024-10-27T11:33:14.280Z] *** [apiv2] error from fetch(https://www.googleapis.com/oauth2/v3/token, {"headers":{},"method":"POST","body":{"_overheadLength":545,"_valueLength":212,"_valuesToMeasure":[],"writable":false,"readable":true,"dataSize":0,"maxDataSize":2097152,"pauseStreams":true,"_released":true,"_streams":[],"_currentStream":null,"_insideLoop":false,"_pendingNext":false,"_boundary":"--------------------------399739528835931464149546","_events":{},"_eventsCount":1}}): FetchError: request to https://www.googleapis.com/oauth2/v3/token failed, reason: getaddrinfo ENOTFOUND www.googleapis.com
[debug] [2024-10-27T11:33:14.281Z] [iam] error while checking permissions, command may fail: FirebaseError: Authentication Error: Your credentials are no longer valid. Please run firebase login --reauth

For CI servers and headless environments, generate a new token with firebase login:ci
[debug] [2024-10-27T11:33:14.282Z] Checked if tokens are valid: false, expires at: 1728021647793
[debug] [2024-10-27T11:33:14.283Z] Checked if tokens are valid: false, expires at: 1728021647793
[debug] [2024-10-27T11:33:14.283Z] > refreshing access token with scopes: []
[debug] [2024-10-27T11:33:14.284Z] >>> [apiv2][query] POST https://www.googleapis.com/oauth2/v3/token [none]
[debug] [2024-10-27T11:33:14.284Z] >>> [apiv2][body] POST https://www.googleapis.com/oauth2/v3/token [omitted]
[debug] [2024-10-27T11:33:26.339Z] *** [apiv2] error from fetch(https://www.googleapis.com/oauth2/v3/token, {"headers":{},"method":"POST","body":{"_overheadLength":545,"_valueLength":212,"_valuesToMeasure":[],"writable":false,"readable":true,"dataSize":0,"maxDataSize":2097152,"pauseStreams":true,"_released":true,"_streams":[],"_currentStream":null,"_insideLoop":false,"_pendingNext":false,"_boundary":"--------------------------219942246214924107699529","_events":{},"_eventsCount":1}}): FetchError: request to https://www.googleapis.com/oauth2/v3/token failed, reason: getaddrinfo ENOTFOUND www.googleapis.com
[debug] [2024-10-27T11:33:26.339Z] Authentication Error: Your credentials are no longer valid. Please run firebase login --reauth

For CI servers and headless environments, generate a new token with firebase login:ci
[debug] [2024-10-27T11:33:31.372Z] Error: Timed out.
    at Timeout._onTimeout (C:\Users\DELL\AppData\Roaming\npm\node_modules\firebase-tools\lib\utils.js:268:49)
    at listOnTimeout (node:internal/timers:581:17)
    at process.processTimers (node:internal/timers:519:7)
[error] 
[error] Error: An unexpected error has occurred.
[debug] [2024-10-27T11:33:57.360Z] ----------------------------------------------------------------------
[debug] [2024-10-27T11:33:57.367Z] Command:       C:\Program Files\nodejs\node.exe C:\Users\DELL\AppData\Roaming\npm\node_modules\firebase-tools\lib\bin\firebase.js deploy
[debug] [2024-10-27T11:33:57.368Z] CLI Version:   13.20.1
[debug] [2024-10-27T11:33:57.368Z] Platform:      win32
[debug] [2024-10-27T11:33:57.369Z] Node Version:  v22.5.1
[debug] [2024-10-27T11:33:57.369Z] Time:          Sun Oct 27 2024 12:33:57 GMT+0100 (West Africa Standard Time)
[debug] [2024-10-27T11:33:57.370Z] ----------------------------------------------------------------------
[debug] 
[debug] [2024-10-27T11:33:57.379Z] >>> [apiv2][query] GET https://firebase-public.firebaseio.com/cli.json [none]
[debug] [2024-10-27T11:33:57.732Z] > command requires scopes: ["email","openid","https://www.googleapis.com/auth/cloudplatformprojects.readonly","https://www.googleapis.com/auth/firebase","https://www.googleapis.com/auth/cloud-platform"]
[debug] [2024-10-27T11:33:57.733Z] > authorizing via signed-in user (oputalawrence@gmail.com)
[debug] [2024-10-27T11:33:57.733Z] [iam] checking project naija-blogue for permissions ["firebase.projects.get","firebasehosting.sites.update"]
[debug] [2024-10-27T11:33:57.734Z] Checked if tokens are valid: false, expires at: 1728021647793
[debug] [2024-10-27T11:33:57.735Z] Checked if tokens are valid: false, expires at: 1728021647793
[debug] [2024-10-27T11:33:57.735Z] > refreshing access token with scopes: []
[debug] [2024-10-27T11:33:57.737Z] >>> [apiv2][query] POST https://www.googleapis.com/oauth2/v3/token [none]
[debug] [2024-10-27T11:33:57.737Z] >>> [apiv2][body] POST https://www.googleapis.com/oauth2/v3/token [omitted]
[debug] [2024-10-27T11:33:57.764Z] *** [apiv2] error from fetch(https://firebase-public.firebaseio.com/cli.json, {"headers":{},"method":"GET"}): FetchError: request to https://firebase-public.firebaseio.com/cli.json failed, reason: getaddrinfo ENOTFOUND firebase-public.firebaseio.com
[warn] !  Unable to fetch the CLI MOTD and remote config. This is not a fatal error, but may indicate an issue with your network connection. 
[debug] [2024-10-27T11:33:57.767Z] Failed to fetch MOTD FirebaseError: Failed to make request to https://firebase-public.firebaseio.com/cli.json
[debug] [2024-10-27T11:33:57.768Z] *** [apiv2] error from fetch(https://www.googleapis.com/oauth2/v3/token, {"headers":{},"method":"POST","body":{"_overheadLength":545,"_valueLength":212,"_valuesToMeasure":[],"writable":false,"readable":true,"dataSize":0,"maxDataSize":2097152,"pauseStreams":true,"_released":true,"_streams":[],"_currentStream":null,"_insideLoop":false,"_pendingNext":false,"_boundary":"--------------------------109844564948024109164601","_events":{},"_eventsCount":1}}): FetchError: request to https://www.googleapis.com/oauth2/v3/token failed, reason: getaddrinfo ENOTFOUND www.googleapis.com
[debug] [2024-10-27T11:33:57.770Z] [iam] error while checking permissions, command may fail: FirebaseError: Authentication Error: Your credentials are no longer valid. Please run firebase login --reauth

For CI servers and headless environments, generate a new token with firebase login:ci
[debug] [2024-10-27T11:33:57.773Z] Checked if tokens are valid: false, expires at: 1728021647793
[debug] [2024-10-27T11:33:57.773Z] Checked if tokens are valid: false, expires at: 1728021647793
[debug] [2024-10-27T11:33:57.773Z] > refreshing access token with scopes: []
[debug] [2024-10-27T11:33:57.774Z] >>> [apiv2][query] POST https://www.googleapis.com/oauth2/v3/token [none]
[debug] [2024-10-27T11:33:57.774Z] >>> [apiv2][body] POST https://www.googleapis.com/oauth2/v3/token [omitted]
[debug] [2024-10-27T11:33:57.805Z] *** [apiv2] error from fetch(https://www.googleapis.com/oauth2/v3/token, {"headers":{},"method":"POST","body":{"_overheadLength":545,"_valueLength":212,"_valuesToMeasure":[],"writable":false,"readable":true,"dataSize":0,"maxDataSize":2097152,"pauseStreams":true,"_released":true,"_streams":[],"_currentStream":null,"_insideLoop":false,"_pendingNext":false,"_boundary":"--------------------------148726857960428436887479","_events":{},"_eventsCount":1}}): FetchError: request to https://www.googleapis.com/oauth2/v3/token failed, reason: getaddrinfo ENOTFOUND www.googleapis.com
[debug] [2024-10-27T11:33:57.806Z] Authentication Error: Your credentials are no longer valid. Please run firebase login --reauth

For CI servers and headless environments, generate a new token with firebase login:ci
[error] 
[error] Error: Assertion failed: resolving hosting target of a site with no site name or target name. This should have caused an error earlier
[debug] [2024-10-27T11:34:12.694Z] ----------------------------------------------------------------------
[debug] [2024-10-27T11:34:12.701Z] Command:       C:\Program Files\nodejs\node.exe C:\Users\DELL\AppData\Roaming\npm\node_modules\firebase-tools\lib\bin\firebase.js deploy
[debug] [2024-10-27T11:34:12.703Z] CLI Version:   13.20.1
[debug] [2024-10-27T11:34:12.703Z] Platform:      win32
[debug] [2024-10-27T11:34:12.703Z] Node Version:  v22.5.1
[debug] [2024-10-27T11:34:12.704Z] Time:          Sun Oct 27 2024 12:34:12 GMT+0100 (West Africa Standard Time)
[debug] [2024-10-27T11:34:12.705Z] ----------------------------------------------------------------------
[debug] 
[debug] [2024-10-27T11:34:12.715Z] >>> [apiv2][query] GET https://firebase-public.firebaseio.com/cli.json [none]
[debug] [2024-10-27T11:34:12.990Z] > command requires scopes: ["email","openid","https://www.googleapis.com/auth/cloudplatformprojects.readonly","https://www.googleapis.com/auth/firebase","https://www.googleapis.com/auth/cloud-platform"]
[debug] [2024-10-27T11:34:12.991Z] > authorizing via signed-in user (oputalawrence@gmail.com)
[debug] [2024-10-27T11:34:12.991Z] [iam] checking project naija-blogue for permissions ["firebase.projects.get","firebasehosting.sites.update"]
[debug] [2024-10-27T11:34:12.993Z] Checked if tokens are valid: false, expires at: 1728021647793
[debug] [2024-10-27T11:34:12.993Z] Checked if tokens are valid: false, expires at: 1728021647793
[debug] [2024-10-27T11:34:12.994Z] > refreshing access token with scopes: []
[debug] [2024-10-27T11:34:12.997Z] >>> [apiv2][query] POST https://www.googleapis.com/oauth2/v3/token [none]
[debug] [2024-10-27T11:34:12.998Z] >>> [apiv2][body] POST https://www.googleapis.com/oauth2/v3/token [omitted]
[debug] [2024-10-27T11:34:13.023Z] *** [apiv2] error from fetch(https://firebase-public.firebaseio.com/cli.json, {"headers":{},"method":"GET"}): FetchError: request to https://firebase-public.firebaseio.com/cli.json failed, reason: getaddrinfo ENOTFOUND firebase-public.firebaseio.com
[warn] !  Unable to fetch the CLI MOTD and remote config. This is not a fatal error, but may indicate an issue with your network connection. 
[debug] [2024-10-27T11:34:13.025Z] Failed to fetch MOTD FirebaseError: Failed to make request to https://firebase-public.firebaseio.com/cli.json
[debug] [2024-10-27T11:34:13.026Z] *** [apiv2] error from fetch(https://www.googleapis.com/oauth2/v3/token, {"headers":{},"method":"POST","body":{"_overheadLength":545,"_valueLength":212,"_valuesToMeasure":[],"writable":false,"readable":true,"dataSize":0,"maxDataSize":2097152,"pauseStreams":true,"_released":true,"_streams":[],"_currentStream":null,"_insideLoop":false,"_pendingNext":false,"_boundary":"--------------------------880310077805571717511268","_events":{},"_eventsCount":1}}): FetchError: request to https://www.googleapis.com/oauth2/v3/token failed, reason: getaddrinfo ENOTFOUND www.googleapis.com
[debug] [2024-10-27T11:34:13.026Z] [iam] error while checking permissions, command may fail: FirebaseError: Authentication Error: Your credentials are no longer valid. Please run firebase login --reauth

For CI servers and headless environments, generate a new token with firebase login:ci
[debug] [2024-10-27T11:34:13.027Z] Checked if tokens are valid: false, expires at: 1728021647793
[debug] [2024-10-27T11:34:13.028Z] Checked if tokens are valid: false, expires at: 1728021647793
[debug] [2024-10-27T11:34:13.028Z] > refreshing access token with scopes: []
[debug] [2024-10-27T11:34:13.030Z] >>> [apiv2][query] POST https://www.googleapis.com/oauth2/v3/token [none]
[debug] [2024-10-27T11:34:13.030Z] >>> [apiv2][body] POST https://www.googleapis.com/oauth2/v3/token [omitted]
[debug] [2024-10-27T11:34:13.062Z] *** [apiv2] error from fetch(https://www.googleapis.com/oauth2/v3/token, {"headers":{},"method":"POST","body":{"_overheadLength":545,"_valueLength":212,"_valuesToMeasure":[],"writable":false,"readable":true,"dataSize":0,"maxDataSize":2097152,"pauseStreams":true,"_released":true,"_streams":[],"_currentStream":null,"_insideLoop":false,"_pendingNext":false,"_boundary":"--------------------------488240314603437990611931","_events":{},"_eventsCount":1}}): FetchError: request to https://www.googleapis.com/oauth2/v3/token failed, reason: getaddrinfo ENOTFOUND www.googleapis.com
[debug] [2024-10-27T11:34:13.062Z] Authentication Error: Your credentials are no longer valid. Please run firebase login --reauth

For CI servers and headless environments, generate a new token with firebase login:ci
[error] 
[error] Error: Assertion failed: resolving hosting target of a site with no site name or target name. This should have caused an error earlier
[debug] [2024-10-27T11:34:31.850Z] ----------------------------------------------------------------------
[debug] [2024-10-27T11:34:31.858Z] Command:       C:\Program Files\nodejs\node.exe C:\Users\DELL\AppData\Roaming\npm\node_modules\firebase-tools\lib\bin\firebase.js init
[debug] [2024-10-27T11:34:31.860Z] CLI Version:   13.20.1
[debug] [2024-10-27T11:34:31.861Z] Platform:      win32
[debug] [2024-10-27T11:34:31.861Z] Node Version:  v22.5.1
[debug] [2024-10-27T11:34:31.862Z] Time:          Sun Oct 27 2024 12:34:31 GMT+0100 (West Africa Standard Time)
[debug] [2024-10-27T11:34:31.863Z] ----------------------------------------------------------------------
[debug] 
[debug] [2024-10-27T11:34:31.873Z] >>> [apiv2][query] GET https://firebase-public.firebaseio.com/cli.json [none]
[debug] [2024-10-27T11:34:32.195Z] > command requires scopes: ["email","openid","https://www.googleapis.com/auth/cloudplatformprojects.readonly","https://www.googleapis.com/auth/firebase","https://www.googleapis.com/auth/cloud-platform"]
[debug] [2024-10-27T11:34:32.197Z] > authorizing via signed-in user (oputalawrence@gmail.com)
[info] 
     ######## #### ########  ######## ########     ###     ######  ########
     ##        ##  ##     ## ##       ##     ##  ##   ##  ##       ##
     ######    ##  ########  ######   ########  #########  ######  ######
     ##        ##  ##    ##  ##       ##     ## ##     ##       ## ##
     ##       #### ##     ## ######## ########  ##     ##  ######  ########

You're about to initialize a Firebase project in this directory:

  C:\Users\DELL\Desktop\9jablogue\client

Before we get started, keep in mind:

  * You are initializing within an existing Firebase project directory

[debug] [2024-10-27T11:34:32.266Z] *** [apiv2] error from fetch(https://firebase-public.firebaseio.com/cli.json, {"headers":{},"method":"GET"}): FetchError: request to https://firebase-public.firebaseio.com/cli.json failed, reason: getaddrinfo ENOTFOUND firebase-public.firebaseio.com
[warn] !  Unable to fetch the CLI MOTD and remote config. This is not a fatal error, but may indicate an issue with your network connection. 
[debug] [2024-10-27T11:34:32.268Z] Failed to fetch MOTD FirebaseError: Failed to make request to https://firebase-public.firebaseio.com/cli.json
[debug] [2024-10-27T11:34:51.842Z] ----------------------------------------------------------------------
[debug] [2024-10-27T11:34:51.849Z] Command:       C:\Program Files\nodejs\node.exe C:\Users\DELL\AppData\Roaming\npm\node_modules\firebase-tools\lib\bin\firebase.js deploy
[debug] [2024-10-27T11:34:51.850Z] CLI Version:   13.20.1
[debug] [2024-10-27T11:34:51.850Z] Platform:      win32
[debug] [2024-10-27T11:34:51.851Z] Node Version:  v22.5.1
[debug] [2024-10-27T11:34:51.851Z] Time:          Sun Oct 27 2024 12:34:51 GMT+0100 (West Africa Standard Time)
[debug] [2024-10-27T11:34:51.852Z] ----------------------------------------------------------------------
[debug] 
[debug] [2024-10-27T11:34:51.858Z] >>> [apiv2][query] GET https://firebase-public.firebaseio.com/cli.json [none]
[debug] [2024-10-27T11:34:52.133Z] > command requires scopes: ["email","openid","https://www.googleapis.com/auth/cloudplatformprojects.readonly","https://www.googleapis.com/auth/firebase","https://www.googleapis.com/auth/cloud-platform"]
[debug] [2024-10-27T11:34:52.134Z] > authorizing via signed-in user (oputalawrence@gmail.com)
[debug] [2024-10-27T11:34:52.134Z] [iam] checking project naija-blogue for permissions ["firebase.projects.get","firebasehosting.sites.update"]
[debug] [2024-10-27T11:34:52.136Z] Checked if tokens are valid: false, expires at: 1728021647793
[debug] [2024-10-27T11:34:52.137Z] Checked if tokens are valid: false, expires at: 1728021647793
[debug] [2024-10-27T11:34:52.137Z] > refreshing access token with scopes: []
[debug] [2024-10-27T11:34:52.140Z] >>> [apiv2][query] POST https://www.googleapis.com/oauth2/v3/token [none]
[debug] [2024-10-27T11:34:52.140Z] >>> [apiv2][body] POST https://www.googleapis.com/oauth2/v3/token [omitted]
[debug] [2024-10-27T11:35:16.143Z] *** [apiv2] error from fetch(https://www.googleapis.com/oauth2/v3/token, {"headers":{},"method":"POST","body":{"_overheadLength":545,"_valueLength":212,"_valuesToMeasure":[],"writable":false,"readable":true,"dataSize":0,"maxDataSize":2097152,"pauseStreams":true,"_released":true,"_streams":[],"_currentStream":null,"_insideLoop":false,"_pendingNext":false,"_boundary":"--------------------------357948902925275127527151","_events":{},"_eventsCount":1}}): FetchError: request to https://www.googleapis.com/oauth2/v3/token failed, reason: socket hang up
[debug] [2024-10-27T11:35:16.144Z] [iam] error while checking permissions, command may fail: FirebaseError: Authentication Error: Your credentials are no longer valid. Please run firebase login --reauth

For CI servers and headless environments, generate a new token with firebase login:ci
[debug] [2024-10-27T11:35:16.145Z] Checked if tokens are valid: false, expires at: 1728021647793
[debug] [2024-10-27T11:35:16.145Z] Checked if tokens are valid: false, expires at: 1728021647793
[debug] [2024-10-27T11:35:16.145Z] > refreshing access token with scopes: []
[debug] [2024-10-27T11:35:16.146Z] >>> [apiv2][query] POST https://www.googleapis.com/oauth2/v3/token [none]
[debug] [2024-10-27T11:35:16.146Z] >>> [apiv2][body] POST https://www.googleapis.com/oauth2/v3/token [omitted]
[debug] [2024-10-27T11:35:37.196Z] *** [apiv2] error from fetch(https://www.googleapis.com/oauth2/v3/token, {"headers":{},"method":"POST","body":{"_overheadLength":545,"_valueLength":212,"_valuesToMeasure":[],"writable":false,"readable":true,"dataSize":0,"maxDataSize":2097152,"pauseStreams":true,"_released":true,"_streams":[],"_currentStream":null,"_insideLoop":false,"_pendingNext":false,"_boundary":"--------------------------138254770261539791161094","_events":{},"_eventsCount":1}}): FetchError: request to https://www.googleapis.com/oauth2/v3/token failed, reason: connect ETIMEDOUT 142.250.178.138:443
[debug] [2024-10-27T11:35:37.197Z] Authentication Error: Your credentials are no longer valid. Please run firebase login --reauth

For CI servers and headless environments, generate a new token with firebase login:ci
[debug] [2024-10-27T11:35:41.496Z] <<< [apiv2][status] GET https://firebase-public.firebaseio.com/cli.json 200
[debug] [2024-10-27T11:35:41.496Z] <<< [apiv2][body] GET https://firebase-public.firebaseio.com/cli.json {"cloudBuildErrorAfter":1594252800000,"cloudBuildWarnAfter":1590019200000,"defaultNode10After":1594252800000,"minVersion":"3.0.5","node8DeploysDisabledAfter":1613390400000,"node8RuntimeDisabledAfter":1615809600000,"node8WarnAfter":1600128000000}
[debug] [2024-10-27T11:35:42.213Z] Error: Timed out.
    at Timeout._onTimeout (C:\Users\DELL\AppData\Roaming\npm\node_modules\firebase-tools\lib\utils.js:268:49)
    at listOnTimeout (node:internal/timers:581:17)
    at process.processTimers (node:internal/timers:519:7)
[error] 
[error] Error: An unexpected error has occurred.
[debug] [2024-10-27T11:36:24.988Z] ----------------------------------------------------------------------
[debug] [2024-10-27T11:36:24.993Z] Command:       C:\Program Files\nodejs\node.exe C:\Users\DELL\AppData\Roaming\npm\node_modules\firebase-tools\lib\bin\firebase.js deploy
[debug] [2024-10-27T11:36:24.994Z] CLI Version:   13.20.1
[debug] [2024-10-27T11:36:24.994Z] Platform:      win32
[debug] [2024-10-27T11:36:24.994Z] Node Version:  v22.5.1
[debug] [2024-10-27T11:36:24.995Z] Time:          Sun Oct 27 2024 12:36:24 GMT+0100 (West Africa Standard Time)
[debug] [2024-10-27T11:36:24.996Z] ----------------------------------------------------------------------
[debug] 
[debug] [2024-10-27T11:36:25.177Z] > command requires scopes: ["email","openid","https://www.googleapis.com/auth/cloudplatformprojects.readonly","https://www.googleapis.com/auth/firebase","https://www.googleapis.com/auth/cloud-platform"]
[debug] [2024-10-27T11:36:25.178Z] > authorizing via signed-in user (oputalawrence@gmail.com)
[debug] [2024-10-27T11:36:25.179Z] [iam] checking project naija-blogue for permissions ["firebase.projects.get","firebasehosting.sites.update"]
[debug] [2024-10-27T11:36:25.182Z] Checked if tokens are valid: false, expires at: 1728021647793
[debug] [2024-10-27T11:36:25.183Z] Checked if tokens are valid: false, expires at: 1728021647793
[debug] [2024-10-27T11:36:25.183Z] > refreshing access token with scopes: []
[debug] [2024-10-27T11:36:25.189Z] >>> [apiv2][query] POST https://www.googleapis.com/oauth2/v3/token [none]
[debug] [2024-10-27T11:36:25.190Z] >>> [apiv2][body] POST https://www.googleapis.com/oauth2/v3/token [omitted]
[debug] [2024-10-27T11:36:43.095Z] *** [apiv2] error from fetch(https://www.googleapis.com/oauth2/v3/token, {"headers":{},"method":"POST","body":{"_overheadLength":545,"_valueLength":212,"_valuesToMeasure":[],"writable":false,"readable":true,"dataSize":0,"maxDataSize":2097152,"pauseStreams":true,"_released":true,"_streams":[],"_currentStream":null,"_insideLoop":false,"_pendingNext":false,"_boundary":"--------------------------340103895104352311031109","_events":{},"_eventsCount":1}}): FetchError: request to https://www.googleapis.com/oauth2/v3/token failed, reason: Client network socket disconnected before secure TLS connection was established
[debug] [2024-10-27T11:36:43.095Z] [iam] error while checking permissions, command may fail: FirebaseError: Authentication Error: Your credentials are no longer valid. Please run firebase login --reauth

For CI servers and headless environments, generate a new token with firebase login:ci
[debug] [2024-10-27T11:36:43.096Z] Checked if tokens are valid: false, expires at: 1728021647793
[debug] [2024-10-27T11:36:43.096Z] Checked if tokens are valid: false, expires at: 1728021647793
[debug] [2024-10-27T11:36:43.096Z] > refreshing access token with scopes: []
[debug] [2024-10-27T11:36:43.097Z] >>> [apiv2][query] POST https://www.googleapis.com/oauth2/v3/token [none]
[debug] [2024-10-27T11:36:43.097Z] >>> [apiv2][body] POST https://www.googleapis.com/oauth2/v3/token [omitted]
[debug] [2024-10-27T11:36:54.031Z] *** [apiv2] error from fetch(https://www.googleapis.com/oauth2/v3/token, {"headers":{},"method":"POST","body":{"_overheadLength":545,"_valueLength":212,"_valuesToMeasure":[],"writable":false,"readable":true,"dataSize":0,"maxDataSize":2097152,"pauseStreams":true,"_released":true,"_streams":[],"_currentStream":null,"_insideLoop":false,"_pendingNext":false,"_boundary":"--------------------------417065840467426617303054","_events":{},"_eventsCount":1}}): FetchError: request to https://www.googleapis.com/oauth2/v3/token failed, reason: Client network socket disconnected before secure TLS connection was established
[debug] [2024-10-27T11:36:54.032Z] Authentication Error: Your credentials are no longer valid. Please run firebase login --reauth

For CI servers and headless environments, generate a new token with firebase login:ci
[debug] [2024-10-27T11:36:59.059Z] Error: Timed out.
    at Timeout._onTimeout (C:\Users\DELL\AppData\Roaming\npm\node_modules\firebase-tools\lib\utils.js:268:49)
    at listOnTimeout (node:internal/timers:581:17)
    at process.processTimers (node:internal/timers:519:7)
[error] 
[error] Error: An unexpected error has occurred.
[debug] [2024-10-27T11:37:20.568Z] ----------------------------------------------------------------------
[debug] [2024-10-27T11:37:20.575Z] Command:       C:\Program Files\nodejs\node.exe C:\Users\DELL\AppData\Roaming\npm\node_modules\firebase-tools\lib\bin\firebase.js init
[debug] [2024-10-27T11:37:20.576Z] CLI Version:   13.20.1
[debug] [2024-10-27T11:37:20.577Z] Platform:      win32
[debug] [2024-10-27T11:37:20.577Z] Node Version:  v22.5.1
[debug] [2024-10-27T11:37:20.578Z] Time:          Sun Oct 27 2024 12:37:20 GMT+0100 (West Africa Standard Time)
[debug] [2024-10-27T11:37:20.578Z] ----------------------------------------------------------------------
[debug] 
[debug] [2024-10-27T11:37:20.736Z] > command requires scopes: ["email","openid","https://www.googleapis.com/auth/cloudplatformprojects.readonly","https://www.googleapis.com/auth/firebase","https://www.googleapis.com/auth/cloud-platform"]
[debug] [2024-10-27T11:37:20.737Z] > authorizing via signed-in user (oputalawrence@gmail.com)
[info] 
     ######## #### ########  ######## ########     ###     ######  ########
     ##        ##  ##     ## ##       ##     ##  ##   ##  ##       ##
     ######    ##  ########  ######   ########  #########  ######  ######
     ##        ##  ##    ##  ##       ##     ## ##     ##       ## ##
     ##       #### ##     ## ######## ########  ##     ##  ######  ########

You're about to initialize a Firebase project in this directory:

  C:\Users\DELL\Desktop\9jablogue\client

Before we get started, keep in mind:

  * You are initializing within an existing Firebase project directory

[info] 
=== Project Setup
[info] 
[info] First, let's associate this project directory with a Firebase project.
[info] You can create multiple project aliases by running firebase use --add, 
[info] but for now we'll just set up a default project.
[info] 
[debug] [2024-10-27T11:37:47.555Z] Using project from CLI flag: naija-blogue
[debug] [2024-10-27T11:37:47.558Z] Checked if tokens are valid: false, expires at: 1728021647793
[debug] [2024-10-27T11:37:47.559Z] Checked if tokens are valid: false, expires at: 1728021647793
[debug] [2024-10-27T11:37:47.560Z] > refreshing access token with scopes: []
[debug] [2024-10-27T11:37:47.570Z] >>> [apiv2][query] POST https://www.googleapis.com/oauth2/v3/token [none]
[debug] [2024-10-27T11:37:47.570Z] >>> [apiv2][body] POST https://www.googleapis.com/oauth2/v3/token [omitted]
